<?xml version="1.0" encoding="UTF-8"?>
<testsuite xmlns:xsi="http://www.w3.org/2001/XMLSchema-instance" xsi:noNamespaceSchemaLocation="https://maven.apache.org/surefire/maven-surefire-plugin/xsd/surefire-test-report.xsd" name="edu.ncsu.csc.itrust2.apitest.APIFoodDiaryTest" time="0.556" tests="3" errors="0" skipped="0" failures="0">
  <properties>
    <property name="awt.toolkit" value="sun.awt.X11.XToolkit"/>
    <property name="file.encoding.pkg" value="sun.io"/>
    <property name="java.specification.version" value="1.8"/>
    <property name="sun.cpu.isalist" value=""/>
    <property name="sun.jnu.encoding" value="UTF-8"/>
    <property name="java.class.path" value="/var/lib/jenkins/.m2/repository/org/apache/maven/surefire/surefire-booter/2.22.0/surefire-booter-2.22.0.jar:/var/lib/jenkins/.m2/repository/org/apache/maven/surefire/surefire-api/2.22.0/surefire-api-2.22.0.jar:/var/lib/jenkins/.m2/repository/org/apache/maven/surefire/surefire-logger-api/2.22.0/surefire-logger-api-2.22.0.jar:/var/lib/jenkins/jobs/itrust/workspace/target/test-classes:/var/lib/jenkins/jobs/itrust/workspace/target/classes:/var/lib/jenkins/.m2/repository/javax/xml/bind/jaxb-api/2.2.11/jaxb-api-2.2.11.jar:/var/lib/jenkins/.m2/repository/com/sun/xml/bind/jaxb-core/2.2.11/jaxb-core-2.2.11.jar:/var/lib/jenkins/.m2/repository/com/sun/xml/bind/jaxb-impl/2.2.11/jaxb-impl-2.2.11.jar:/var/lib/jenkins/.m2/repository/javax/activation/activation/1.1.1/activation-1.1.1.jar:/var/lib/jenkins/.m2/repository/org/seleniumhq/selenium/selenium-java/3.11.0/selenium-java-3.11.0.jar:/var/lib/jenkins/.m2/repository/org/seleniumhq/selenium/selenium-api/3.11.0/selenium-api-3.11.0.jar:/var/lib/jenkins/.m2/repository/org/seleniumhq/selenium/selenium-chrome-driver/3.11.0/selenium-chrome-driver-3.11.0.jar:/var/lib/jenkins/.m2/repository/org/seleniumhq/selenium/selenium-edge-driver/3.11.0/selenium-edge-driver-3.11.0.jar:/var/lib/jenkins/.m2/repository/org/seleniumhq/selenium/selenium-firefox-driver/3.11.0/selenium-firefox-driver-3.11.0.jar:/var/lib/jenkins/.m2/repository/org/seleniumhq/selenium/selenium-ie-driver/3.11.0/selenium-ie-driver-3.11.0.jar:/var/lib/jenkins/.m2/repository/org/seleniumhq/selenium/selenium-opera-driver/3.11.0/selenium-opera-driver-3.11.0.jar:/var/lib/jenkins/.m2/repository/org/seleniumhq/selenium/selenium-safari-driver/3.11.0/selenium-safari-driver-3.11.0.jar:/var/lib/jenkins/.m2/repository/org/seleniumhq/selenium/selenium-support/3.11.0/selenium-support-3.11.0.jar:/var/lib/jenkins/.m2/repository/net/bytebuddy/byte-buddy/1.7.9/byte-buddy-1.7.9.jar:/var/lib/jenkins/.m2/repository/org/apache/commons/commons-exec/1.3/commons-exec-1.3.jar:/var/lib/jenkins/.m2/repository/commons-codec/commons-codec/1.10/commons-codec-1.10.jar:/var/lib/jenkins/.m2/repository/com/google/guava/guava/23.6-jre/guava-23.6-jre.jar:/var/lib/jenkins/.m2/repository/com/google/code/findbugs/jsr305/1.3.9/jsr305-1.3.9.jar:/var/lib/jenkins/.m2/repository/org/checkerframework/checker-compat-qual/2.0.0/checker-compat-qual-2.0.0.jar:/var/lib/jenkins/.m2/repository/com/google/errorprone/error_prone_annotations/2.1.3/error_prone_annotations-2.1.3.jar:/var/lib/jenkins/.m2/repository/com/google/j2objc/j2objc-annotations/1.1/j2objc-annotations-1.1.jar:/var/lib/jenkins/.m2/repository/org/codehaus/mojo/animal-sniffer-annotations/1.14/animal-sniffer-annotations-1.14.jar:/var/lib/jenkins/.m2/repository/org/apache/httpcomponents/httpclient/4.5.3/httpclient-4.5.3.jar:/var/lib/jenkins/.m2/repository/org/apache/httpcomponents/httpcore/4.4.6/httpcore-4.4.6.jar:/var/lib/jenkins/.m2/repository/com/squareup/okhttp3/okhttp/3.9.1/okhttp-3.9.1.jar:/var/lib/jenkins/.m2/repository/com/squareup/okio/okio/1.13.0/okio-1.13.0.jar:/var/lib/jenkins/.m2/repository/com/paulhammant/ngwebdriver/1.0/ngwebdriver-1.0.jar:/var/lib/jenkins/.m2/repository/org/seleniumhq/selenium/selenium-remote-driver/3.6.0/selenium-remote-driver-3.6.0.jar:/var/lib/jenkins/.m2/repository/net/java/dev/jna/jna/4.1.0/jna-4.1.0.jar:/var/lib/jenkins/.m2/repository/net/java/dev/jna/jna-platform/4.1.0/jna-platform-4.1.0.jar:/var/lib/jenkins/.m2/repository/org/seleniumhq/selenium/selenium-htmlunit-driver/2.52.0/selenium-htmlunit-driver-2.52.0.jar:/var/lib/jenkins/.m2/repository/net/sourceforge/htmlunit/htmlunit/2.18/htmlunit-2.18.jar:/var/lib/jenkins/.m2/repository/xalan/xalan/2.7.2/xalan-2.7.2.jar:/var/lib/jenkins/.m2/repository/xalan/serializer/2.7.2/serializer-2.7.2.jar:/var/lib/jenkins/.m2/repository/org/apache/httpcomponents/httpmime/4.5/httpmime-4.5.jar:/var/lib/jenkins/.m2/repository/net/sourceforge/htmlunit/htmlunit-core-js/2.17/htmlunit-core-js-2.17.jar:/var/lib/jenkins/.m2/repository/xerces/xercesImpl/2.11.0/xercesImpl-2.11.0.jar:/var/lib/jenkins/.m2/repository/net/sourceforge/nekohtml/nekohtml/1.9.22/nekohtml-1.9.22.jar:/var/lib/jenkins/.m2/repository/net/sourceforge/cssparser/cssparser/0.9.16/cssparser-0.9.16.jar:/var/lib/jenkins/.m2/repository/org/w3c/css/sac/1.3/sac-1.3.jar:/var/lib/jenkins/.m2/repository/org/eclipse/jetty/websocket/websocket-client/9.2.12.v20150709/websocket-client-9.2.12.v20150709.jar:/var/lib/jenkins/.m2/repository/org/eclipse/jetty/jetty-util/9.2.12.v20150709/jetty-util-9.2.12.v20150709.jar:/var/lib/jenkins/.m2/repository/org/eclipse/jetty/jetty-io/9.2.12.v20150709/jetty-io-9.2.12.v20150709.jar:/var/lib/jenkins/.m2/repository/org/eclipse/jetty/websocket/websocket-common/9.2.12.v20150709/websocket-common-9.2.12.v20150709.jar:/var/lib/jenkins/.m2/repository/org/eclipse/jetty/websocket/websocket-api/9.2.12.v20150709/websocket-api-9.2.12.v20150709.jar:/var/lib/jenkins/.m2/repository/commons-collections/commons-collections/3.2.2/commons-collections-3.2.2.jar:/var/lib/jenkins/.m2/repository/javax/servlet/jsp/jstl/javax.servlet.jsp.jstl-api/1.2.1/javax.servlet.jsp.jstl-api-1.2.1.jar:/var/lib/jenkins/.m2/repository/javax/validation/validation-api/1.1.0.Final/validation-api-1.1.0.Final.jar:/var/lib/jenkins/.m2/repository/org/hibernate/hibernate-validator/5.4.1.Final/hibernate-validator-5.4.1.Final.jar:/var/lib/jenkins/.m2/repository/org/jboss/logging/jboss-logging/3.3.0.Final/jboss-logging-3.3.0.Final.jar:/var/lib/jenkins/.m2/repository/com/fasterxml/classmate/1.3.1/classmate-1.3.1.jar:/var/lib/jenkins/.m2/repository/org/slf4j/jcl-over-slf4j/1.7.7/jcl-over-slf4j-1.7.7.jar:/var/lib/jenkins/.m2/repository/org/slf4j/jul-to-slf4j/1.7.7/jul-to-slf4j-1.7.7.jar:/var/lib/jenkins/.m2/repository/org/slf4j/log4j-over-slf4j/1.7.7/log4j-over-slf4j-1.7.7.jar:/var/lib/jenkins/.m2/repository/org/slf4j/slf4j-api/1.7.7/slf4j-api-1.7.7.jar:/var/lib/jenkins/.m2/repository/org/springframework/security/spring-security-config/4.2.2.RELEASE/spring-security-config-4.2.2.RELEASE.jar:/var/lib/jenkins/.m2/repository/aopalliance/aopalliance/1.0/aopalliance-1.0.jar:/var/lib/jenkins/.m2/repository/org/springframework/spring-aop/4.3.5.RELEASE/spring-aop-4.3.5.RELEASE.jar:/var/lib/jenkins/.m2/repository/org/springframework/spring-beans/4.3.5.RELEASE/spring-beans-4.3.5.RELEASE.jar:/var/lib/jenkins/.m2/repository/org/springframework/spring-context/4.3.5.RELEASE/spring-context-4.3.5.RELEASE.jar:/var/lib/jenkins/.m2/repository/org/springframework/spring-core/4.3.5.RELEASE/spring-core-4.3.5.RELEASE.jar:/var/lib/jenkins/.m2/repository/org/springframework/security/spring-security-core/4.2.4.RELEASE/spring-security-core-4.2.4.RELEASE.jar:/var/lib/jenkins/.m2/repository/org/springframework/spring-expression/4.3.5.RELEASE/spring-expression-4.3.5.RELEASE.jar:/var/lib/jenkins/.m2/repository/org/springframework/security/spring-security-web/4.2.2.RELEASE/spring-security-web-4.2.2.RELEASE.jar:/var/lib/jenkins/.m2/repository/org/springframework/spring-web/4.3.5.RELEASE/spring-web-4.3.5.RELEASE.jar:/var/lib/jenkins/.m2/repository/org/springframework/spring-jdbc/4.3.5.RELEASE/spring-jdbc-4.3.5.RELEASE.jar:/var/lib/jenkins/.m2/repository/org/springframework/spring-tx/4.3.5.RELEASE/spring-tx-4.3.5.RELEASE.jar:/var/lib/jenkins/.m2/repository/javax/el/javax.el-api/2.2.4/javax.el-api-2.2.4.jar:/var/lib/jenkins/.m2/repository/org/glassfish/javax.el/3.0.1-b08/javax.el-3.0.1-b08.jar:/var/lib/jenkins/.m2/repository/org/springframework/spring-webmvc/4.3.5.RELEASE/spring-webmvc-4.3.5.RELEASE.jar:/var/lib/jenkins/.m2/repository/commons-logging/commons-logging/1.2/commons-logging-1.2.jar:/var/lib/jenkins/.m2/repository/javax/servlet/jsp/jsp-api/2.1/jsp-api-2.1.jar:/var/lib/jenkins/.m2/repository/javax/servlet/javax.servlet-api/3.0.1/javax.servlet-api-3.0.1.jar:/var/lib/jenkins/.m2/repository/cglib/cglib-nodep/3.1/cglib-nodep-3.1.jar:/var/lib/jenkins/.m2/repository/ch/qos/logback/logback-classic/1.1.2/logback-classic-1.1.2.jar:/var/lib/jenkins/.m2/repository/ch/qos/logback/logback-core/1.1.2/logback-core-1.1.2.jar:/var/lib/jenkins/.m2/repository/opensymphony/sitemesh/2.4.2/sitemesh-2.4.2.jar:/var/lib/jenkins/.m2/repository/junit/junit/4.12/junit-4.12.jar:/var/lib/jenkins/.m2/repository/org/assertj/assertj-core/2.2.0/assertj-core-2.2.0.jar:/var/lib/jenkins/.m2/repository/org/mockito/mockito-core/1.10.19/mockito-core-1.10.19.jar:/var/lib/jenkins/.m2/repository/org/objenesis/objenesis/2.1/objenesis-2.1.jar:/var/lib/jenkins/.m2/repository/org/springframework/security/spring-security-test/4.2.2.RELEASE/spring-security-test-4.2.2.RELEASE.jar:/var/lib/jenkins/.m2/repository/org/springframework/spring-test/4.3.5.RELEASE/spring-test-4.3.5.RELEASE.jar:/var/lib/jenkins/.m2/repository/mysql/mysql-connector-java/8.0.11/mysql-connector-java-8.0.11.jar:/var/lib/jenkins/.m2/repository/com/google/protobuf/protobuf-java/2.6.0/protobuf-java-2.6.0.jar:/var/lib/jenkins/.m2/repository/org/springframework/spring-orm/4.3.5.RELEASE/spring-orm-4.3.5.RELEASE.jar:/var/lib/jenkins/.m2/repository/org/springframework/data/spring-data-jpa/1.10.2.RELEASE/spring-data-jpa-1.10.2.RELEASE.jar:/var/lib/jenkins/.m2/repository/org/springframework/data/spring-data-commons/1.12.2.RELEASE/spring-data-commons-1.12.2.RELEASE.jar:/var/lib/jenkins/.m2/repository/org/aspectj/aspectjrt/1.8.9/aspectjrt-1.8.9.jar:/var/lib/jenkins/.m2/repository/org/thymeleaf/thymeleaf/3.0.0.RELEASE/thymeleaf-3.0.0.RELEASE.jar:/var/lib/jenkins/.m2/repository/ognl/ognl/3.1.3/ognl-3.1.3.jar:/var/lib/jenkins/.m2/repository/org/javassist/javassist/3.20.0-GA/javassist-3.20.0-GA.jar:/var/lib/jenkins/.m2/repository/org/attoparser/attoparser/2.0.0.RELEASE/attoparser-2.0.0.RELEASE.jar:/var/lib/jenkins/.m2/repository/org/unbescape/unbescape/1.1.3.RELEASE/unbescape-1.1.3.RELEASE.jar:/var/lib/jenkins/.m2/repository/org/thymeleaf/thymeleaf-spring4/3.0.2.RELEASE/thymeleaf-spring4-3.0.2.RELEASE.jar:/var/lib/jenkins/.m2/repository/org/thymeleaf/extras/thymeleaf-extras-tiles2-spring4/2.1.1.RELEASE/thymeleaf-extras-tiles2-spring4-2.1.1.RELEASE.jar:/var/lib/jenkins/.m2/repository/org/thymeleaf/extras/thymeleaf-extras-tiles2/2.1.1.RELEASE/thymeleaf-extras-tiles2-2.1.1.RELEASE.jar:/var/lib/jenkins/.m2/repository/org/apache/tiles/tiles-core/2.2.2/tiles-core-2.2.2.jar:/var/lib/jenkins/.m2/repository/org/apache/tiles/tiles-api/2.2.2/tiles-api-2.2.2.jar:/var/lib/jenkins/.m2/repository/commons-digester/commons-digester/2.0/commons-digester-2.0.jar:/var/lib/jenkins/.m2/repository/commons-beanutils/commons-beanutils/1.8.0/commons-beanutils-1.8.0.jar:/var/lib/jenkins/.m2/repository/org/apache/tiles/tiles-template/2.2.2/tiles-template-2.2.2.jar:/var/lib/jenkins/.m2/repository/org/apache/tiles/tiles-servlet/2.2.2/tiles-servlet-2.2.2.jar:/var/lib/jenkins/.m2/repository/org/apache/tiles/tiles-jsp/2.2.2/tiles-jsp-2.2.2.jar:/var/lib/jenkins/.m2/repository/org/hibernate/hibernate-entitymanager/5.0.11.Final/hibernate-entitymanager-5.0.11.Final.jar:/var/lib/jenkins/.m2/repository/org/hibernate/hibernate-core/5.0.11.Final/hibernate-core-5.0.11.Final.jar:/var/lib/jenkins/.m2/repository/antlr/antlr/2.7.7/antlr-2.7.7.jar:/var/lib/jenkins/.m2/repository/org/jboss/jandex/2.0.0.Final/jandex-2.0.0.Final.jar:/var/lib/jenkins/.m2/repository/dom4j/dom4j/1.6.1/dom4j-1.6.1.jar:/var/lib/jenkins/.m2/repository/org/hibernate/common/hibernate-commons-annotations/5.0.1.Final/hibernate-commons-annotations-5.0.1.Final.jar:/var/lib/jenkins/.m2/repository/org/hibernate/javax/persistence/hibernate-jpa-2.1-api/1.0.0.Final/hibernate-jpa-2.1-api-1.0.0.Final.jar:/var/lib/jenkins/.m2/repository/org/apache/geronimo/specs/geronimo-jta_1.1_spec/1.1.1/geronimo-jta_1.1_spec-1.1.1.jar:/var/lib/jenkins/.m2/repository/io/github/bonigarcia/webdrivermanager/1.7.2/webdrivermanager-1.7.2.jar:/var/lib/jenkins/.m2/repository/commons-io/commons-io/2.5/commons-io-2.5.jar:/var/lib/jenkins/.m2/repository/com/typesafe/config/1.2.1/config-1.2.1.jar:/var/lib/jenkins/.m2/repository/org/apache/commons/commons-lang3/3.5/commons-lang3-3.5.jar:/var/lib/jenkins/.m2/repository/org/rauschig/jarchivelib/0.7.1/jarchivelib-0.7.1.jar:/var/lib/jenkins/.m2/repository/org/apache/commons/commons-compress/1.9/commons-compress-1.9.jar:/var/lib/jenkins/.m2/repository/org/jsoup/jsoup/1.10.2/jsoup-1.10.2.jar:/var/lib/jenkins/.m2/repository/xml-apis/xml-apis/1.4.01/xml-apis-1.4.01.jar:/var/lib/jenkins/.m2/repository/info/cukes/cucumber-core/1.2.4/cucumber-core-1.2.4.jar:/var/lib/jenkins/.m2/repository/info/cukes/gherkin/2.12.2/gherkin-2.12.2.jar:/var/lib/jenkins/.m2/repository/info/cukes/cucumber-html/0.2.3/cucumber-html-0.2.3.jar:/var/lib/jenkins/.m2/repository/info/cukes/cucumber-java/1.2.4/cucumber-java-1.2.4.jar:/var/lib/jenkins/.m2/repository/info/cukes/cucumber-jvm-deps/1.0.5/cucumber-jvm-deps-1.0.5.jar:/var/lib/jenkins/.m2/repository/info/cukes/cucumber-picocontainer/1.2.4/cucumber-picocontainer-1.2.4.jar:/var/lib/jenkins/.m2/repository/org/picocontainer/picocontainer/2.15/picocontainer-2.15.jar:/var/lib/jenkins/.m2/repository/info/cukes/cucumber-junit/1.2.4/cucumber-junit-1.2.4.jar:/var/lib/jenkins/.m2/repository/org/springframework/webflow/spring-binding/2.4.4.RELEASE/spring-binding-2.4.4.RELEASE.jar:/var/lib/jenkins/.m2/repository/opensymphony/ognl/2.6.11/ognl-2.6.11.jar:/var/lib/jenkins/.m2/repository/org/springframework/webflow/spring-webflow/2.4.4.RELEASE/spring-webflow-2.4.4.RELEASE.jar:/var/lib/jenkins/.m2/repository/org/springframework/webflow/spring-js/2.4.4.RELEASE/spring-js-2.4.4.RELEASE.jar:/var/lib/jenkins/.m2/repository/org/springframework/webflow/spring-js-resources/2.4.4.RELEASE/spring-js-resources-2.4.4.RELEASE.jar:/var/lib/jenkins/.m2/repository/com/google/code/gson/gson/2.8.0/gson-2.8.0.jar:/var/lib/jenkins/.m2/repository/org/hamcrest/hamcrest-core/1.3/hamcrest-core-1.3.jar:/var/lib/jenkins/.m2/repository/org/hamcrest/hamcrest-library/1.3/hamcrest-library-1.3.jar:/var/lib/jenkins/.m2/repository/com/jayway/jsonpath/json-path-assert/2.2.0/json-path-assert-2.2.0.jar:/var/lib/jenkins/.m2/repository/com/jayway/jsonpath/json-path/2.2.0/json-path-2.2.0.jar:/var/lib/jenkins/.m2/repository/net/minidev/json-smart/2.2.1/json-smart-2.2.1.jar:/var/lib/jenkins/.m2/repository/net/minidev/accessors-smart/1.1/accessors-smart-1.1.jar:/var/lib/jenkins/.m2/repository/org/ow2/asm/asm/5.0.3/asm-5.0.3.jar:/var/lib/jenkins/.m2/repository/org/springframework/session/spring-session/1.2.1.RELEASE/spring-session-1.2.1.RELEASE.jar:/var/lib/jenkins/.m2/repository/javax/mail/mail/1.4.7/mail-1.4.7.jar:/var/lib/jenkins/.m2/repository/javax/mail/javax.mail-api/1.5.5/javax.mail-api-1.5.5.jar:/var/lib/jenkins/.m2/repository/org/apache/maven/surefire/surefire-junit4/2.22.0/surefire-junit4-2.22.0.jar:/var/lib/jenkins/.m2/repository/org/jacoco/org.jacoco.agent/0.8.1/org.jacoco.agent-0.8.1-runtime.jar"/>
    <property name="java.vm.vendor" value="Oracle Corporation"/>
    <property name="sun.arch.data.model" value="64"/>
    <property name="java.vendor.url" value="http://java.oracle.com/"/>
    <property name="user.timezone" value=""/>
    <property name="java.vm.specification.version" value="1.8"/>
    <property name="os.name" value="Linux"/>
    <property name="user.country" value="US"/>
    <property name="sun.java.launcher" value="SUN_STANDARD"/>
    <property name="sun.boot.library.path" value="/usr/lib/jvm/java-8-oracle/jre/lib/amd64"/>
    <property name="sun.java.command" value="org.apache.maven.surefire.booter.ForkedBooter /var/lib/jenkins/jobs/itrust/workspace/target/surefire 2019-03-16T02-46-34_575-jvmRun1 surefire5732440783247050231tmp surefire_08736373375444530531tmp"/>
    <property name="surefire.test.class.path" value="/var/lib/jenkins/jobs/itrust/workspace/target/test-classes:/var/lib/jenkins/jobs/itrust/workspace/target/classes:/var/lib/jenkins/.m2/repository/javax/xml/bind/jaxb-api/2.2.11/jaxb-api-2.2.11.jar:/var/lib/jenkins/.m2/repository/com/sun/xml/bind/jaxb-core/2.2.11/jaxb-core-2.2.11.jar:/var/lib/jenkins/.m2/repository/com/sun/xml/bind/jaxb-impl/2.2.11/jaxb-impl-2.2.11.jar:/var/lib/jenkins/.m2/repository/javax/activation/activation/1.1.1/activation-1.1.1.jar:/var/lib/jenkins/.m2/repository/org/seleniumhq/selenium/selenium-java/3.11.0/selenium-java-3.11.0.jar:/var/lib/jenkins/.m2/repository/org/seleniumhq/selenium/selenium-api/3.11.0/selenium-api-3.11.0.jar:/var/lib/jenkins/.m2/repository/org/seleniumhq/selenium/selenium-chrome-driver/3.11.0/selenium-chrome-driver-3.11.0.jar:/var/lib/jenkins/.m2/repository/org/seleniumhq/selenium/selenium-edge-driver/3.11.0/selenium-edge-driver-3.11.0.jar:/var/lib/jenkins/.m2/repository/org/seleniumhq/selenium/selenium-firefox-driver/3.11.0/selenium-firefox-driver-3.11.0.jar:/var/lib/jenkins/.m2/repository/org/seleniumhq/selenium/selenium-ie-driver/3.11.0/selenium-ie-driver-3.11.0.jar:/var/lib/jenkins/.m2/repository/org/seleniumhq/selenium/selenium-opera-driver/3.11.0/selenium-opera-driver-3.11.0.jar:/var/lib/jenkins/.m2/repository/org/seleniumhq/selenium/selenium-safari-driver/3.11.0/selenium-safari-driver-3.11.0.jar:/var/lib/jenkins/.m2/repository/org/seleniumhq/selenium/selenium-support/3.11.0/selenium-support-3.11.0.jar:/var/lib/jenkins/.m2/repository/net/bytebuddy/byte-buddy/1.7.9/byte-buddy-1.7.9.jar:/var/lib/jenkins/.m2/repository/org/apache/commons/commons-exec/1.3/commons-exec-1.3.jar:/var/lib/jenkins/.m2/repository/commons-codec/commons-codec/1.10/commons-codec-1.10.jar:/var/lib/jenkins/.m2/repository/com/google/guava/guava/23.6-jre/guava-23.6-jre.jar:/var/lib/jenkins/.m2/repository/com/google/code/findbugs/jsr305/1.3.9/jsr305-1.3.9.jar:/var/lib/jenkins/.m2/repository/org/checkerframework/checker-compat-qual/2.0.0/checker-compat-qual-2.0.0.jar:/var/lib/jenkins/.m2/repository/com/google/errorprone/error_prone_annotations/2.1.3/error_prone_annotations-2.1.3.jar:/var/lib/jenkins/.m2/repository/com/google/j2objc/j2objc-annotations/1.1/j2objc-annotations-1.1.jar:/var/lib/jenkins/.m2/repository/org/codehaus/mojo/animal-sniffer-annotations/1.14/animal-sniffer-annotations-1.14.jar:/var/lib/jenkins/.m2/repository/org/apache/httpcomponents/httpclient/4.5.3/httpclient-4.5.3.jar:/var/lib/jenkins/.m2/repository/org/apache/httpcomponents/httpcore/4.4.6/httpcore-4.4.6.jar:/var/lib/jenkins/.m2/repository/com/squareup/okhttp3/okhttp/3.9.1/okhttp-3.9.1.jar:/var/lib/jenkins/.m2/repository/com/squareup/okio/okio/1.13.0/okio-1.13.0.jar:/var/lib/jenkins/.m2/repository/com/paulhammant/ngwebdriver/1.0/ngwebdriver-1.0.jar:/var/lib/jenkins/.m2/repository/org/seleniumhq/selenium/selenium-remote-driver/3.6.0/selenium-remote-driver-3.6.0.jar:/var/lib/jenkins/.m2/repository/net/java/dev/jna/jna/4.1.0/jna-4.1.0.jar:/var/lib/jenkins/.m2/repository/net/java/dev/jna/jna-platform/4.1.0/jna-platform-4.1.0.jar:/var/lib/jenkins/.m2/repository/org/seleniumhq/selenium/selenium-htmlunit-driver/2.52.0/selenium-htmlunit-driver-2.52.0.jar:/var/lib/jenkins/.m2/repository/net/sourceforge/htmlunit/htmlunit/2.18/htmlunit-2.18.jar:/var/lib/jenkins/.m2/repository/xalan/xalan/2.7.2/xalan-2.7.2.jar:/var/lib/jenkins/.m2/repository/xalan/serializer/2.7.2/serializer-2.7.2.jar:/var/lib/jenkins/.m2/repository/org/apache/httpcomponents/httpmime/4.5/httpmime-4.5.jar:/var/lib/jenkins/.m2/repository/net/sourceforge/htmlunit/htmlunit-core-js/2.17/htmlunit-core-js-2.17.jar:/var/lib/jenkins/.m2/repository/xerces/xercesImpl/2.11.0/xercesImpl-2.11.0.jar:/var/lib/jenkins/.m2/repository/net/sourceforge/nekohtml/nekohtml/1.9.22/nekohtml-1.9.22.jar:/var/lib/jenkins/.m2/repository/net/sourceforge/cssparser/cssparser/0.9.16/cssparser-0.9.16.jar:/var/lib/jenkins/.m2/repository/org/w3c/css/sac/1.3/sac-1.3.jar:/var/lib/jenkins/.m2/repository/org/eclipse/jetty/websocket/websocket-client/9.2.12.v20150709/websocket-client-9.2.12.v20150709.jar:/var/lib/jenkins/.m2/repository/org/eclipse/jetty/jetty-util/9.2.12.v20150709/jetty-util-9.2.12.v20150709.jar:/var/lib/jenkins/.m2/repository/org/eclipse/jetty/jetty-io/9.2.12.v20150709/jetty-io-9.2.12.v20150709.jar:/var/lib/jenkins/.m2/repository/org/eclipse/jetty/websocket/websocket-common/9.2.12.v20150709/websocket-common-9.2.12.v20150709.jar:/var/lib/jenkins/.m2/repository/org/eclipse/jetty/websocket/websocket-api/9.2.12.v20150709/websocket-api-9.2.12.v20150709.jar:/var/lib/jenkins/.m2/repository/commons-collections/commons-collections/3.2.2/commons-collections-3.2.2.jar:/var/lib/jenkins/.m2/repository/javax/servlet/jsp/jstl/javax.servlet.jsp.jstl-api/1.2.1/javax.servlet.jsp.jstl-api-1.2.1.jar:/var/lib/jenkins/.m2/repository/javax/validation/validation-api/1.1.0.Final/validation-api-1.1.0.Final.jar:/var/lib/jenkins/.m2/repository/org/hibernate/hibernate-validator/5.4.1.Final/hibernate-validator-5.4.1.Final.jar:/var/lib/jenkins/.m2/repository/org/jboss/logging/jboss-logging/3.3.0.Final/jboss-logging-3.3.0.Final.jar:/var/lib/jenkins/.m2/repository/com/fasterxml/classmate/1.3.1/classmate-1.3.1.jar:/var/lib/jenkins/.m2/repository/org/slf4j/jcl-over-slf4j/1.7.7/jcl-over-slf4j-1.7.7.jar:/var/lib/jenkins/.m2/repository/org/slf4j/jul-to-slf4j/1.7.7/jul-to-slf4j-1.7.7.jar:/var/lib/jenkins/.m2/repository/org/slf4j/log4j-over-slf4j/1.7.7/log4j-over-slf4j-1.7.7.jar:/var/lib/jenkins/.m2/repository/org/slf4j/slf4j-api/1.7.7/slf4j-api-1.7.7.jar:/var/lib/jenkins/.m2/repository/org/springframework/security/spring-security-config/4.2.2.RELEASE/spring-security-config-4.2.2.RELEASE.jar:/var/lib/jenkins/.m2/repository/aopalliance/aopalliance/1.0/aopalliance-1.0.jar:/var/lib/jenkins/.m2/repository/org/springframework/spring-aop/4.3.5.RELEASE/spring-aop-4.3.5.RELEASE.jar:/var/lib/jenkins/.m2/repository/org/springframework/spring-beans/4.3.5.RELEASE/spring-beans-4.3.5.RELEASE.jar:/var/lib/jenkins/.m2/repository/org/springframework/spring-context/4.3.5.RELEASE/spring-context-4.3.5.RELEASE.jar:/var/lib/jenkins/.m2/repository/org/springframework/spring-core/4.3.5.RELEASE/spring-core-4.3.5.RELEASE.jar:/var/lib/jenkins/.m2/repository/org/springframework/security/spring-security-core/4.2.4.RELEASE/spring-security-core-4.2.4.RELEASE.jar:/var/lib/jenkins/.m2/repository/org/springframework/spring-expression/4.3.5.RELEASE/spring-expression-4.3.5.RELEASE.jar:/var/lib/jenkins/.m2/repository/org/springframework/security/spring-security-web/4.2.2.RELEASE/spring-security-web-4.2.2.RELEASE.jar:/var/lib/jenkins/.m2/repository/org/springframework/spring-web/4.3.5.RELEASE/spring-web-4.3.5.RELEASE.jar:/var/lib/jenkins/.m2/repository/org/springframework/spring-jdbc/4.3.5.RELEASE/spring-jdbc-4.3.5.RELEASE.jar:/var/lib/jenkins/.m2/repository/org/springframework/spring-tx/4.3.5.RELEASE/spring-tx-4.3.5.RELEASE.jar:/var/lib/jenkins/.m2/repository/javax/el/javax.el-api/2.2.4/javax.el-api-2.2.4.jar:/var/lib/jenkins/.m2/repository/org/glassfish/javax.el/3.0.1-b08/javax.el-3.0.1-b08.jar:/var/lib/jenkins/.m2/repository/org/springframework/spring-webmvc/4.3.5.RELEASE/spring-webmvc-4.3.5.RELEASE.jar:/var/lib/jenkins/.m2/repository/commons-logging/commons-logging/1.2/commons-logging-1.2.jar:/var/lib/jenkins/.m2/repository/javax/servlet/jsp/jsp-api/2.1/jsp-api-2.1.jar:/var/lib/jenkins/.m2/repository/javax/servlet/javax.servlet-api/3.0.1/javax.servlet-api-3.0.1.jar:/var/lib/jenkins/.m2/repository/cglib/cglib-nodep/3.1/cglib-nodep-3.1.jar:/var/lib/jenkins/.m2/repository/ch/qos/logback/logback-classic/1.1.2/logback-classic-1.1.2.jar:/var/lib/jenkins/.m2/repository/ch/qos/logback/logback-core/1.1.2/logback-core-1.1.2.jar:/var/lib/jenkins/.m2/repository/opensymphony/sitemesh/2.4.2/sitemesh-2.4.2.jar:/var/lib/jenkins/.m2/repository/junit/junit/4.12/junit-4.12.jar:/var/lib/jenkins/.m2/repository/org/assertj/assertj-core/2.2.0/assertj-core-2.2.0.jar:/var/lib/jenkins/.m2/repository/org/mockito/mockito-core/1.10.19/mockito-core-1.10.19.jar:/var/lib/jenkins/.m2/repository/org/objenesis/objenesis/2.1/objenesis-2.1.jar:/var/lib/jenkins/.m2/repository/org/springframework/security/spring-security-test/4.2.2.RELEASE/spring-security-test-4.2.2.RELEASE.jar:/var/lib/jenkins/.m2/repository/org/springframework/spring-test/4.3.5.RELEASE/spring-test-4.3.5.RELEASE.jar:/var/lib/jenkins/.m2/repository/mysql/mysql-connector-java/8.0.11/mysql-connector-java-8.0.11.jar:/var/lib/jenkins/.m2/repository/com/google/protobuf/protobuf-java/2.6.0/protobuf-java-2.6.0.jar:/var/lib/jenkins/.m2/repository/org/springframework/spring-orm/4.3.5.RELEASE/spring-orm-4.3.5.RELEASE.jar:/var/lib/jenkins/.m2/repository/org/springframework/data/spring-data-jpa/1.10.2.RELEASE/spring-data-jpa-1.10.2.RELEASE.jar:/var/lib/jenkins/.m2/repository/org/springframework/data/spring-data-commons/1.12.2.RELEASE/spring-data-commons-1.12.2.RELEASE.jar:/var/lib/jenkins/.m2/repository/org/aspectj/aspectjrt/1.8.9/aspectjrt-1.8.9.jar:/var/lib/jenkins/.m2/repository/org/thymeleaf/thymeleaf/3.0.0.RELEASE/thymeleaf-3.0.0.RELEASE.jar:/var/lib/jenkins/.m2/repository/ognl/ognl/3.1.3/ognl-3.1.3.jar:/var/lib/jenkins/.m2/repository/org/javassist/javassist/3.20.0-GA/javassist-3.20.0-GA.jar:/var/lib/jenkins/.m2/repository/org/attoparser/attoparser/2.0.0.RELEASE/attoparser-2.0.0.RELEASE.jar:/var/lib/jenkins/.m2/repository/org/unbescape/unbescape/1.1.3.RELEASE/unbescape-1.1.3.RELEASE.jar:/var/lib/jenkins/.m2/repository/org/thymeleaf/thymeleaf-spring4/3.0.2.RELEASE/thymeleaf-spring4-3.0.2.RELEASE.jar:/var/lib/jenkins/.m2/repository/org/thymeleaf/extras/thymeleaf-extras-tiles2-spring4/2.1.1.RELEASE/thymeleaf-extras-tiles2-spring4-2.1.1.RELEASE.jar:/var/lib/jenkins/.m2/repository/org/thymeleaf/extras/thymeleaf-extras-tiles2/2.1.1.RELEASE/thymeleaf-extras-tiles2-2.1.1.RELEASE.jar:/var/lib/jenkins/.m2/repository/org/apache/tiles/tiles-core/2.2.2/tiles-core-2.2.2.jar:/var/lib/jenkins/.m2/repository/org/apache/tiles/tiles-api/2.2.2/tiles-api-2.2.2.jar:/var/lib/jenkins/.m2/repository/commons-digester/commons-digester/2.0/commons-digester-2.0.jar:/var/lib/jenkins/.m2/repository/commons-beanutils/commons-beanutils/1.8.0/commons-beanutils-1.8.0.jar:/var/lib/jenkins/.m2/repository/org/apache/tiles/tiles-template/2.2.2/tiles-template-2.2.2.jar:/var/lib/jenkins/.m2/repository/org/apache/tiles/tiles-servlet/2.2.2/tiles-servlet-2.2.2.jar:/var/lib/jenkins/.m2/repository/org/apache/tiles/tiles-jsp/2.2.2/tiles-jsp-2.2.2.jar:/var/lib/jenkins/.m2/repository/org/hibernate/hibernate-entitymanager/5.0.11.Final/hibernate-entitymanager-5.0.11.Final.jar:/var/lib/jenkins/.m2/repository/org/hibernate/hibernate-core/5.0.11.Final/hibernate-core-5.0.11.Final.jar:/var/lib/jenkins/.m2/repository/antlr/antlr/2.7.7/antlr-2.7.7.jar:/var/lib/jenkins/.m2/repository/org/jboss/jandex/2.0.0.Final/jandex-2.0.0.Final.jar:/var/lib/jenkins/.m2/repository/dom4j/dom4j/1.6.1/dom4j-1.6.1.jar:/var/lib/jenkins/.m2/repository/org/hibernate/common/hibernate-commons-annotations/5.0.1.Final/hibernate-commons-annotations-5.0.1.Final.jar:/var/lib/jenkins/.m2/repository/org/hibernate/javax/persistence/hibernate-jpa-2.1-api/1.0.0.Final/hibernate-jpa-2.1-api-1.0.0.Final.jar:/var/lib/jenkins/.m2/repository/org/apache/geronimo/specs/geronimo-jta_1.1_spec/1.1.1/geronimo-jta_1.1_spec-1.1.1.jar:/var/lib/jenkins/.m2/repository/io/github/bonigarcia/webdrivermanager/1.7.2/webdrivermanager-1.7.2.jar:/var/lib/jenkins/.m2/repository/commons-io/commons-io/2.5/commons-io-2.5.jar:/var/lib/jenkins/.m2/repository/com/typesafe/config/1.2.1/config-1.2.1.jar:/var/lib/jenkins/.m2/repository/org/apache/commons/commons-lang3/3.5/commons-lang3-3.5.jar:/var/lib/jenkins/.m2/repository/org/rauschig/jarchivelib/0.7.1/jarchivelib-0.7.1.jar:/var/lib/jenkins/.m2/repository/org/apache/commons/commons-compress/1.9/commons-compress-1.9.jar:/var/lib/jenkins/.m2/repository/org/jsoup/jsoup/1.10.2/jsoup-1.10.2.jar:/var/lib/jenkins/.m2/repository/xml-apis/xml-apis/1.4.01/xml-apis-1.4.01.jar:/var/lib/jenkins/.m2/repository/info/cukes/cucumber-core/1.2.4/cucumber-core-1.2.4.jar:/var/lib/jenkins/.m2/repository/info/cukes/gherkin/2.12.2/gherkin-2.12.2.jar:/var/lib/jenkins/.m2/repository/info/cukes/cucumber-html/0.2.3/cucumber-html-0.2.3.jar:/var/lib/jenkins/.m2/repository/info/cukes/cucumber-java/1.2.4/cucumber-java-1.2.4.jar:/var/lib/jenkins/.m2/repository/info/cukes/cucumber-jvm-deps/1.0.5/cucumber-jvm-deps-1.0.5.jar:/var/lib/jenkins/.m2/repository/info/cukes/cucumber-picocontainer/1.2.4/cucumber-picocontainer-1.2.4.jar:/var/lib/jenkins/.m2/repository/org/picocontainer/picocontainer/2.15/picocontainer-2.15.jar:/var/lib/jenkins/.m2/repository/info/cukes/cucumber-junit/1.2.4/cucumber-junit-1.2.4.jar:/var/lib/jenkins/.m2/repository/org/springframework/webflow/spring-binding/2.4.4.RELEASE/spring-binding-2.4.4.RELEASE.jar:/var/lib/jenkins/.m2/repository/opensymphony/ognl/2.6.11/ognl-2.6.11.jar:/var/lib/jenkins/.m2/repository/org/springframework/webflow/spring-webflow/2.4.4.RELEASE/spring-webflow-2.4.4.RELEASE.jar:/var/lib/jenkins/.m2/repository/org/springframework/webflow/spring-js/2.4.4.RELEASE/spring-js-2.4.4.RELEASE.jar:/var/lib/jenkins/.m2/repository/org/springframework/webflow/spring-js-resources/2.4.4.RELEASE/spring-js-resources-2.4.4.RELEASE.jar:/var/lib/jenkins/.m2/repository/com/google/code/gson/gson/2.8.0/gson-2.8.0.jar:/var/lib/jenkins/.m2/repository/org/hamcrest/hamcrest-core/1.3/hamcrest-core-1.3.jar:/var/lib/jenkins/.m2/repository/org/hamcrest/hamcrest-library/1.3/hamcrest-library-1.3.jar:/var/lib/jenkins/.m2/repository/com/jayway/jsonpath/json-path-assert/2.2.0/json-path-assert-2.2.0.jar:/var/lib/jenkins/.m2/repository/com/jayway/jsonpath/json-path/2.2.0/json-path-2.2.0.jar:/var/lib/jenkins/.m2/repository/net/minidev/json-smart/2.2.1/json-smart-2.2.1.jar:/var/lib/jenkins/.m2/repository/net/minidev/accessors-smart/1.1/accessors-smart-1.1.jar:/var/lib/jenkins/.m2/repository/org/ow2/asm/asm/5.0.3/asm-5.0.3.jar:/var/lib/jenkins/.m2/repository/org/springframework/session/spring-session/1.2.1.RELEASE/spring-session-1.2.1.RELEASE.jar:/var/lib/jenkins/.m2/repository/javax/mail/mail/1.4.7/mail-1.4.7.jar:/var/lib/jenkins/.m2/repository/javax/mail/javax.mail-api/1.5.5/javax.mail-api-1.5.5.jar:"/>
    <property name="sun.cpu.endian" value="little"/>
    <property name="user.home" value="/var/lib/jenkins"/>
    <property name="user.language" value="en"/>
    <property name="java.specification.vendor" value="Oracle Corporation"/>
    <property name="java.home" value="/usr/lib/jvm/java-8-oracle/jre"/>
    <property name="basedir" value="/var/lib/jenkins/jobs/itrust/workspace"/>
    <property name="file.separator" value="/"/>
    <property name="line.separator" value="&#10;"/>
    <property name="java.vm.specification.vendor" value="Oracle Corporation"/>
    <property name="java.specification.name" value="Java Platform API Specification"/>
    <property name="java.awt.graphicsenv" value="sun.awt.X11GraphicsEnvironment"/>
    <property name="sun.boot.class.path" value="/usr/lib/jvm/java-8-oracle/jre/lib/resources.jar:/usr/lib/jvm/java-8-oracle/jre/lib/rt.jar:/usr/lib/jvm/java-8-oracle/jre/lib/sunrsasign.jar:/usr/lib/jvm/java-8-oracle/jre/lib/jsse.jar:/usr/lib/jvm/java-8-oracle/jre/lib/jce.jar:/usr/lib/jvm/java-8-oracle/jre/lib/charsets.jar:/usr/lib/jvm/java-8-oracle/jre/lib/jfr.jar:/usr/lib/jvm/java-8-oracle/jre/classes"/>
    <property name="sun.management.compiler" value="HotSpot 64-Bit Tiered Compilers"/>
    <property name="java.runtime.version" value="1.8.0_201-b09"/>
    <property name="user.name" value="jenkins"/>
    <property name="path.separator" value=":"/>
    <property name="os.version" value="4.4.0-133-generic"/>
    <property name="java.endorsed.dirs" value="/usr/lib/jvm/java-8-oracle/jre/lib/endorsed"/>
    <property name="java.runtime.name" value="Java(TM) SE Runtime Environment"/>
    <property name="file.encoding" value="UTF-8"/>
    <property name="java.vm.name" value="Java HotSpot(TM) 64-Bit Server VM"/>
    <property name="localRepository" value="/var/lib/jenkins/.m2/repository"/>
    <property name="java.vendor.url.bug" value="http://bugreport.sun.com/bugreport/"/>
    <property name="java.io.tmpdir" value="/tmp"/>
    <property name="java.version" value="1.8.0_201"/>
    <property name="user.dir" value="/var/lib/jenkins/jobs/itrust/workspace"/>
    <property name="os.arch" value="amd64"/>
    <property name="java.vm.specification.name" value="Java Virtual Machine Specification"/>
    <property name="jetty.port" value="8888"/>
    <property name="java.awt.printerjob" value="sun.print.PSPrinterJob"/>
    <property name="sun.os.patch.level" value="unknown"/>
    <property name="java.library.path" value="/usr/java/packages/lib/amd64:/usr/lib64:/lib64:/lib:/usr/lib"/>
    <property name="java.vm.info" value="mixed mode"/>
    <property name="java.vendor" value="Oracle Corporation"/>
    <property name="java.vm.version" value="25.201-b09"/>
    <property name="java.ext.dirs" value="/usr/lib/jvm/java-8-oracle/jre/lib/ext:/usr/java/packages/lib/ext"/>
    <property name="sun.io.unicode.encoding" value="UnicodeLittle"/>
    <property name="java.class.version" value="52.0"/>
  </properties>
  <testcase name="testFoodDiaryAPIAsHCP" classname="edu.ncsu.csc.itrust2.apitest.APIFoodDiaryTest" time="0.205"/>
  <testcase name="testFoodDiaryAPIInvalidEntry" classname="edu.ncsu.csc.itrust2.apitest.APIFoodDiaryTest" time="0.169"/>
  <testcase name="testFoodDiaryAPIAsPatient" classname="edu.ncsu.csc.itrust2.apitest.APIFoodDiaryTest" time="0.174"/>
</testsuite>